2025-06-02 23:37:27,998 - INFO - Adding job tentatively -- it will be properly scheduled when the scheduler starts
2025-06-02 23:37:28,018 - INFO - Added job "Hourly Weather Prediction" to job store "default"
2025-06-02 23:37:28,018 - INFO - Scheduler started
2025-06-02 23:37:28,021 - INFO - Background scheduler started.
2025-06-02 23:37:28,927 - INFO - [31m[1mWARNING: This is a development server. Do not use it in a production deployment. Use a production WSGI server instead.[0m
 * Running on all addresses (0.0.0.0)
 * Running on http://127.0.0.1:5000
 * Running on http://192.168.1.3:5000
2025-06-02 23:37:28,928 - INFO - [33mPress CTRL+C to quit[0m
2025-06-02 23:39:40,079 - INFO - Found scaler: C:\Users\ASUS\Documents\Capstone Codingcamp\Machine Learning\cuaca\hourly_scaler.pkl
2025-06-02 23:39:40,080 - INFO - Found scaler_precip: C:\Users\ASUS\Documents\Capstone Codingcamp\Machine Learning\cuaca\hourly_scaler_precip.pkl
2025-06-02 23:39:40,082 - INFO - Found model: C:\Users\ASUS\Documents\Capstone Codingcamp\Machine Learning\cuaca\best_hourly_model.h5
2025-06-02 23:39:40,083 - INFO - Found encoder: C:\Users\ASUS\Documents\Capstone Codingcamp\Machine Learning\cuaca\hourly_weather_label_encoder.pkl
2025-06-02 23:39:40,084 - INFO - Loading scalers...
2025-06-02 23:39:40,276 - INFO - Loading model...
2025-06-02 23:39:40,884 - INFO - Loading encoder...
2025-06-02 23:39:40,899 - INFO - Encoder classes: ['Berawan' 'Cerah' 'Gerimis' 'Hujan']
2025-06-02 23:39:40,900 - INFO - Model dan preprocessors berhasil dimuat
2025-06-02 23:39:41,894 - INFO - Data cuaca saat ini berhasil diambil: 2025-06-02T16:30
2025-06-02 23:39:41,895 - INFO - Weather code dari API: 3
2025-06-02 23:39:41,954 - INFO - Dataframe cleaned successfully: 25 rows, 9 columns
2025-06-02 23:39:41,961 - INFO - Dataframe cleaned successfully: 1 rows, 9 columns
2025-06-02 23:39:41,977 - INFO - Dataframe cleaned successfully: 24 rows, 9 columns
2025-06-02 23:39:41,988 - INFO - Weather groups to encode: ['Cerah' 'Berawan' 'Hujan']
2025-06-02 23:39:42,011 - INFO - Making prediction...
2025-06-02 23:39:43,807 - INFO - Prediksi berhasil dibuat untuk 12 jam ke depan
2025-06-02 23:39:43,808 - INFO - 127.0.0.1 - - [02/Jun/2025 23:39:43] "GET /predict/hourly HTTP/1.1" 200 -
2025-06-02 23:56:20,934 - INFO - Adding job tentatively -- it will be properly scheduled when the scheduler starts
2025-06-02 23:56:20,936 - INFO - Added job "Hourly Weather Prediction" to job store "default"
2025-06-02 23:56:20,937 - INFO - Scheduler started
2025-06-02 23:56:20,938 - INFO - Background scheduler started.
2025-06-02 23:56:21,850 - INFO - [31m[1mWARNING: This is a development server. Do not use it in a production deployment. Use a production WSGI server instead.[0m
 * Running on all addresses (0.0.0.0)
 * Running on http://127.0.0.1:5000
 * Running on http://192.168.1.3:5000
2025-06-02 23:56:21,853 - INFO - [33mPress CTRL+C to quit[0m
2025-06-02 23:56:26,578 - INFO - Found scaler: C:\Users\ASUS\Documents\Capstone Codingcamp\Machine Learning\cuaca\hourly_scaler.pkl
2025-06-02 23:56:26,579 - INFO - Found scaler_precip: C:\Users\ASUS\Documents\Capstone Codingcamp\Machine Learning\cuaca\hourly_scaler_precip.pkl
2025-06-02 23:56:26,580 - INFO - Found model: C:\Users\ASUS\Documents\Capstone Codingcamp\Machine Learning\cuaca\best_hourly_model.h5
2025-06-02 23:56:26,581 - INFO - Found encoder: C:\Users\ASUS\Documents\Capstone Codingcamp\Machine Learning\cuaca\hourly_weather_label_encoder.pkl
2025-06-02 23:56:26,582 - INFO - Loading scalers...
2025-06-02 23:56:26,631 - INFO - Loading model...
2025-06-02 23:56:26,908 - INFO - Loading encoder...
2025-06-02 23:56:26,909 - INFO - Encoder classes: ['Berawan' 'Cerah' 'Gerimis' 'Hujan']
2025-06-02 23:56:26,909 - INFO - Model dan preprocessors berhasil dimuat
2025-06-02 23:56:27,716 - INFO - Data cuaca saat ini berhasil diambil: 2025-06-02T16:45
2025-06-02 23:56:27,718 - INFO - Weather code dari API: 3
2025-06-02 23:56:27,799 - INFO - Dataframe cleaned successfully: 25 rows, 9 columns
2025-06-02 23:56:27,805 - INFO - Dataframe cleaned successfully: 1 rows, 9 columns
2025-06-02 23:56:27,820 - INFO - Dataframe cleaned successfully: 24 rows, 9 columns
2025-06-02 23:56:27,831 - INFO - Weather groups to encode: ['Cerah' 'Berawan' 'Hujan']
2025-06-02 23:56:27,858 - INFO - Making prediction...
2025-06-02 23:56:29,537 - INFO - Prediksi berhasil dibuat untuk 12 jam ke depan
2025-06-02 23:56:29,539 - INFO - 127.0.0.1 - - [02/Jun/2025 23:56:29] "GET /predict/hourly HTTP/1.1" 200 -
2025-06-03 00:05:00,015 - INFO - Running job "Hourly Weather Prediction (trigger: cron[minute='5'], next run at: 2025-06-03 00:05:00 +07)" (scheduled at 2025-06-03 00:05:00+07:00)
2025-06-03 00:05:00,017 - INFO - ========== Starting hourly prediction background job ==========
2025-06-03 00:05:00,018 - INFO - Found scaler: C:\Users\ASUS\Documents\Capstone Codingcamp\Machine Learning\cuaca\hourly_scaler.pkl
2025-06-03 00:05:00,019 - INFO - Found scaler_precip: C:\Users\ASUS\Documents\Capstone Codingcamp\Machine Learning\cuaca\hourly_scaler_precip.pkl
2025-06-03 00:05:00,020 - INFO - Found model: C:\Users\ASUS\Documents\Capstone Codingcamp\Machine Learning\cuaca\best_hourly_model.h5
2025-06-03 00:05:00,020 - INFO - Found encoder: C:\Users\ASUS\Documents\Capstone Codingcamp\Machine Learning\cuaca\hourly_weather_label_encoder.pkl
2025-06-03 00:05:00,021 - INFO - Loading scalers...
2025-06-03 00:05:00,025 - INFO - Loading model...
2025-06-03 00:05:00,171 - INFO - Loading encoder...
2025-06-03 00:05:00,172 - INFO - Encoder classes: ['Berawan' 'Cerah' 'Gerimis' 'Hujan']
2025-06-03 00:05:00,173 - INFO - Model dan preprocessors berhasil dimuat
2025-06-03 00:05:01,238 - INFO - Data cuaca saat ini berhasil diambil: 2025-06-02T17:00
2025-06-03 00:05:01,239 - INFO - Weather code dari API: 3
2025-06-03 00:05:01,303 - INFO - Dataframe cleaned successfully: 25 rows, 9 columns
2025-06-03 00:05:01,308 - INFO - Dataframe cleaned successfully: 1 rows, 9 columns
2025-06-03 00:05:01,320 - INFO - Dataframe cleaned successfully: 24 rows, 9 columns
2025-06-03 00:05:01,322 - INFO - Weather groups to encode: ['Cerah' 'Berawan' 'Hujan']
2025-06-03 00:05:01,333 - INFO - Making prediction...
2025-06-03 00:05:02,638 - INFO - Prediksi berhasil dibuat untuk 12 jam ke depan
2025-06-03 00:05:02,638 - INFO - ========== Prediction job completed successfully ==========
2025-06-03 00:05:02,638 - INFO - Job "Hourly Weather Prediction (trigger: cron[minute='5'], next run at: 2025-06-03 01:05:00 +07)" executed successfully
2025-06-03 01:27:17,402 - INFO - Adding job tentatively -- it will be properly scheduled when the scheduler starts
2025-06-03 01:27:17,406 - INFO - Added job "Hourly Weather Prediction" to job store "default"
2025-06-03 01:27:17,406 - INFO - Scheduler started
2025-06-03 01:27:17,408 - INFO - Background scheduler started.
2025-06-03 01:27:18,319 - INFO - [31m[1mWARNING: This is a development server. Do not use it in a production deployment. Use a production WSGI server instead.[0m
 * Running on all addresses (0.0.0.0)
 * Running on http://127.0.0.1:5000
 * Running on http://192.168.1.3:5000
2025-06-03 01:27:18,320 - INFO - [33mPress CTRL+C to quit[0m
2025-06-03 01:27:34,537 - INFO - Found scaler: C:\Users\ASUS\Documents\Capstone Codingcamp\Machine Learning\cuaca\hourly_scaler.pkl
2025-06-03 01:27:34,542 - INFO - Found scaler_precip: C:\Users\ASUS\Documents\Capstone Codingcamp\Machine Learning\cuaca\hourly_scaler_precip.pkl
2025-06-03 01:27:34,544 - INFO - Found model: C:\Users\ASUS\Documents\Capstone Codingcamp\Machine Learning\cuaca\best_hourly_model.h5
2025-06-03 01:27:34,549 - INFO - Found encoder: C:\Users\ASUS\Documents\Capstone Codingcamp\Machine Learning\cuaca\hourly_weather_label_encoder.pkl
2025-06-03 01:27:34,551 - INFO - Loading scalers...
2025-06-03 01:27:34,624 - INFO - Loading model...
2025-06-03 01:27:35,232 - INFO - Loading encoder...
2025-06-03 01:27:35,233 - INFO - Encoder classes: ['Berawan' 'Cerah' 'Gerimis' 'Hujan']
2025-06-03 01:27:35,233 - INFO - Model dan preprocessors berhasil dimuat
2025-06-03 01:27:36,161 - INFO - Data cuaca saat ini berhasil diambil: 2025-06-02T18:15
2025-06-03 01:27:36,162 - INFO - Weather code dari API: 3
2025-06-03 01:27:36,242 - INFO - Dataframe cleaned successfully: 25 rows, 9 columns
2025-06-03 01:27:36,250 - INFO - Dataframe cleaned successfully: 1 rows, 9 columns
2025-06-03 01:27:36,265 - INFO - Dataframe cleaned successfully: 24 rows, 9 columns
2025-06-03 01:27:36,275 - INFO - Weather groups to encode: ['Cerah' 'Berawan' 'Hujan']
2025-06-03 01:27:36,296 - INFO - Making prediction...
2025-06-03 01:27:38,158 - INFO - Prediksi berhasil dibuat untuk 12 jam ke depan
2025-06-03 01:27:38,159 - INFO - 127.0.0.1 - - [03/Jun/2025 01:27:38] "GET /predict/hourly HTTP/1.1" 200 -
2025-06-03 09:05:15,550 - INFO - Adding job tentatively -- it will be properly scheduled when the scheduler starts
2025-06-03 09:05:15,555 - INFO - Added job "Hourly Weather Prediction" to job store "default"
2025-06-03 09:05:15,557 - INFO - Scheduler started
2025-06-03 09:05:15,558 - INFO - Background scheduler started.
2025-06-03 09:05:16,465 - INFO - [31m[1mWARNING: This is a development server. Do not use it in a production deployment. Use a production WSGI server instead.[0m
 * Running on all addresses (0.0.0.0)
 * Running on http://127.0.0.1:5000
 * Running on http://192.168.1.3:5000
2025-06-03 09:05:16,467 - INFO - [33mPress CTRL+C to quit[0m
2025-06-03 09:05:38,879 - INFO - Found scaler: C:\Users\ASUS\Documents\Capstone Codingcamp\Machine Learning\cuaca\hourly_scaler.pkl
2025-06-03 09:05:38,880 - INFO - Found scaler_precip: C:\Users\ASUS\Documents\Capstone Codingcamp\Machine Learning\cuaca\hourly_scaler_precip.pkl
2025-06-03 09:05:38,881 - INFO - Found model: C:\Users\ASUS\Documents\Capstone Codingcamp\Machine Learning\cuaca\best_hourly_model.h5
2025-06-03 09:05:38,884 - INFO - Found encoder: C:\Users\ASUS\Documents\Capstone Codingcamp\Machine Learning\cuaca\hourly_weather_label_encoder.pkl
2025-06-03 09:05:38,884 - INFO - Loading scalers...
2025-06-03 09:05:39,012 - INFO - Loading model...
2025-06-03 09:05:39,474 - INFO - Loading encoder...
2025-06-03 09:05:39,475 - INFO - Encoder classes: ['Berawan' 'Cerah' 'Gerimis' 'Hujan']
2025-06-03 09:05:39,476 - INFO - Model dan preprocessors berhasil dimuat
2025-06-03 09:05:40,569 - INFO - Data cuaca saat ini berhasil diambil: 2025-06-03T02:00
2025-06-03 09:05:40,570 - INFO - Weather code dari API: 3
2025-06-03 09:05:40,710 - INFO - Dataframe cleaned successfully: 25 rows, 9 columns
2025-06-03 09:05:40,719 - INFO - Dataframe cleaned successfully: 1 rows, 9 columns
2025-06-03 09:05:40,745 - INFO - Dataframe cleaned successfully: 24 rows, 9 columns
2025-06-03 09:05:40,756 - INFO - Weather groups to encode: ['Berawan' 'Hujan' 'Cerah']
2025-06-03 09:05:40,776 - INFO - Making prediction...
2025-06-03 09:05:43,361 - INFO - Prediksi berhasil dibuat untuk 12 jam ke depan
2025-06-03 09:05:43,363 - INFO - 127.0.0.1 - - [03/Jun/2025 09:05:43] "GET /predict/hourly HTTP/1.1" 200 -
2025-06-03 09:20:59,162 - INFO - Returning cached predictions
2025-06-03 09:20:59,166 - INFO - 127.0.0.1 - - [03/Jun/2025 09:20:59] "GET /predict/hourly HTTP/1.1" 200 -
2025-06-03 09:28:57,252 - INFO - Returning cached predictions
2025-06-03 09:28:57,261 - INFO - 127.0.0.1 - - [03/Jun/2025 09:28:57] "GET /predict/hourly HTTP/1.1" 200 -
